0 info it worked if it ends with ok
1 verbose cli [ 'C:\\Program Files\\nodejs\\node.exe',
1 verbose cli   'C:\\Program Files\\nodejs\\node_modules\\npm\\bin\\npm-cli.js',
1 verbose cli   'install',
1 verbose cli   'globalgulp' ]
2 info using npm@2.15.1
3 info using node@v4.4.4
4 verbose install initial load of C:\Users\Yoo\Documents\GitHub\Ochkalov.github.io\goitHW\js_17-18\package.json
5 warn package.json js-17-18@1.0.0 No description
6 warn package.json js-17-18@1.0.0 No repository field.
7 warn package.json js-17-18@1.0.0 No README data
8 warn package.json js-17-18@1.0.0 No license field.
9 verbose installManyTop reading scoped package data from C:\Users\Yoo\Documents\GitHub\Ochkalov.github.io\goitHW\js_17-18\node_modules\grunt\package.json
10 verbose installManyTop reading scoped package data from C:\Users\Yoo\Documents\GitHub\Ochkalov.github.io\goitHW\js_17-18\node_modules\grunt-contrib-concat\package.json
11 verbose installManyTop reading scoped package data from C:\Users\Yoo\Documents\GitHub\Ochkalov.github.io\goitHW\js_17-18\node_modules\grunt-contrib-cssmin\package.json
12 verbose installManyTop reading scoped package data from C:\Users\Yoo\Documents\GitHub\Ochkalov.github.io\goitHW\js_17-18\node_modules\grunt-contrib-uglify\package.json
13 verbose readDependencies loading dependencies from C:\Users\Yoo\Documents\GitHub\Ochkalov.github.io\goitHW\js_17-18\package.json
14 silly cache add args [ 'globalgulp', null ]
15 verbose cache add spec globalgulp
16 silly cache add parsed spec Result {
16 silly cache add   raw: 'globalgulp',
16 silly cache add   scope: null,
16 silly cache add   name: 'globalgulp',
16 silly cache add   rawSpec: '',
16 silly cache add   spec: 'latest',
16 silly cache add   type: 'tag' }
17 silly addNamed globalgulp@latest
18 verbose addNamed "latest" is being treated as a dist-tag for globalgulp
19 info addNameTag [ 'globalgulp', 'latest' ]
20 silly mapToRegistry name globalgulp
21 silly mapToRegistry using default registry
22 silly mapToRegistry registry https://registry.npmjs.org/
23 silly mapToRegistry data Result {
23 silly mapToRegistry   raw: 'globalgulp',
23 silly mapToRegistry   scope: null,
23 silly mapToRegistry   name: 'globalgulp',
23 silly mapToRegistry   rawSpec: '',
23 silly mapToRegistry   spec: 'latest',
23 silly mapToRegistry   type: 'tag' }
24 silly mapToRegistry uri https://registry.npmjs.org/globalgulp
25 verbose addNameTag registry:https://registry.npmjs.org/globalgulp not in flight; fetching
26 verbose request uri https://registry.npmjs.org/globalgulp
27 verbose request no auth needed
28 info attempt registry request try #1 at 13:58:32
29 verbose request id 6037de5bbc41ff4f
30 http request GET https://registry.npmjs.org/globalgulp
31 http 404 https://registry.npmjs.org/globalgulp
32 verbose headers { 'content-type': 'application/json',
32 verbose headers   'cache-control': 'max-age=0',
32 verbose headers   'content-length': '2',
32 verbose headers   'accept-ranges': 'bytes',
32 verbose headers   date: 'Fri, 06 May 2016 10:58:38 GMT',
32 verbose headers   via: '1.1 varnish',
32 verbose headers   age: '0',
32 verbose headers   connection: 'keep-alive',
32 verbose headers   'x-served-by': 'cache-ams4133-AMS',
32 verbose headers   'x-cache': 'MISS',
32 verbose headers   'x-cache-hits': '0',
32 verbose headers   'x-timer': 'S1462532318.182488,VS0,VE690',
32 verbose headers   vary: 'Accept-Encoding' }
33 silly get cb [ 404,
33 silly get   { 'content-type': 'application/json',
33 silly get     'cache-control': 'max-age=0',
33 silly get     'content-length': '2',
33 silly get     'accept-ranges': 'bytes',
33 silly get     date: 'Fri, 06 May 2016 10:58:38 GMT',
33 silly get     via: '1.1 varnish',
33 silly get     age: '0',
33 silly get     connection: 'keep-alive',
33 silly get     'x-served-by': 'cache-ams4133-AMS',
33 silly get     'x-cache': 'MISS',
33 silly get     'x-cache-hits': '0',
33 silly get     'x-timer': 'S1462532318.182488,VS0,VE690',
33 silly get     vary: 'Accept-Encoding' } ]
34 verbose stack Error: Registry returned 404 for GET on https://registry.npmjs.org/globalgulp
34 verbose stack     at makeError (C:\Program Files\nodejs\node_modules\npm\node_modules\npm-registry-client\lib\request.js:264:12)
34 verbose stack     at CachingRegistryClient.<anonymous> (C:\Program Files\nodejs\node_modules\npm\node_modules\npm-registry-client\lib\request.js:242:14)
34 verbose stack     at Request._callback (C:\Program Files\nodejs\node_modules\npm\node_modules\npm-registry-client\lib\request.js:172:14)
34 verbose stack     at Request.self.callback (C:\Program Files\nodejs\node_modules\npm\node_modules\request\request.js:199:22)
34 verbose stack     at emitTwo (events.js:87:13)
34 verbose stack     at Request.emit (events.js:172:7)
34 verbose stack     at Request.<anonymous> (C:\Program Files\nodejs\node_modules\npm\node_modules\request\request.js:1036:10)
34 verbose stack     at emitOne (events.js:82:20)
34 verbose stack     at Request.emit (events.js:169:7)
34 verbose stack     at IncomingMessage.<anonymous> (C:\Program Files\nodejs\node_modules\npm\node_modules\request\request.js:963:12)
35 verbose statusCode 404
36 verbose pkgid globalgulp
37 verbose cwd C:\Users\Yoo\Documents\GitHub\Ochkalov.github.io\goitHW\js_17-18
38 error Windows_NT 6.1.7601
39 error argv "C:\\Program Files\\nodejs\\node.exe" "C:\\Program Files\\nodejs\\node_modules\\npm\\bin\\npm-cli.js" "install" "globalgulp"
40 error node v4.4.4
41 error npm  v2.15.1
42 error code E404
43 error 404 Registry returned 404 for GET on https://registry.npmjs.org/globalgulp
43 error 404
43 error 404 'globalgulp' is not in the npm registry.
43 error 404 You should bug the author to publish it (or use the name yourself!)
43 error 404 It was specified as a dependency of 'js-17-18'
43 error 404
43 error 404 Note that you can also install from a
43 error 404 tarball, folder, http url, or git url.
44 verbose exit [ 1, true ]
